#
# A fatal error has been detected by the Java Runtime Environment:
#
#  SIGBUS (0x7) at pc=0x00007f35d2871cbd, pid=23050, tid=139867819321088
#
# JRE version: OpenJDK Runtime Environment (8.0_65-b17) (build 1.8.0_65-b17)
# Java VM: OpenJDK 64-Bit Server VM (25.65-b01 mixed mode linux-amd64 compressed oops)
# Problematic frame:
# C  [libzip.so+0x4cbd]
#
# Failed to write core dump. Core dumps have been disabled. To enable core dumping, try "ulimit -c unlimited" before starting Java again
#
# If you would like to submit a bug report, please visit:
#   http://bugreport.java.com/bugreport/crash.jsp
# The crash happened outside the Java Virtual Machine in native code.
# See problematic frame for where to report the bug.
#

---------------  T H R E A D  ---------------

Current thread (0x00007f35cc212000):  JavaThread "qtp2129789493-16" [_thread_in_native, id=23078, stack(0x00007f35839fa000,0x00007f3583afb000)]

siginfo: si_signo: 7 (SIGBUS), si_code: 2 (BUS_ADRERR), si_addr: 0x00007f35b8080a20

Registers:
RAX=0x00007f356c01e3b0, RBX=0x00007f35cc253b40, RCX=0x00007f35b8080a00, RDX=0x00007f356c01e3b0
RSP=0x00007f3583af8e90, RBP=0x00007f3583af8f00, RSI=0x0000000000000003, RDI=0x00007f356c000038
R8 =0x0000000010656862, R9 =0x0000000000000050, R10=0xffff80cb5ab1dd50, R11=0x00000000de616cc0
R12=0x00007f35d00109c8, R13=0x00007f3583af8ffb, R14=0x00007f3544c2f000, R15=0x00007f356c01e3b0
RIP=0x00007f35d2871cbd, EFLAGS=0x0000000000010206, CSGSFS=0x0000000000000033, ERR=0x0000000000000004
  TRAPNO=0x000000000000000e

Top of Stack: (sp=0x00007f3583af8e90)
0x00007f3583af8e90:   0000000000000001 00007f3583af9150
0x00007f3583af8ea0:   0000000000000003 00007f35d3c27b30
0x00007f3583af8eb0:   00007f3583af8f30 00007f35bd0004e7
0x00007f3583af8ec0:   00000000bd0004e7 00007f35d3e32290
0x00007f3583af8ed0:   000000000000008c 00007f35d00109c0
0x00007f3583af8ee0:   0000000010656862 00007f3583af8ffb
0x00007f3583af8ef0:   00007f3544c2f000 00007f35cc253b40
0x00007f3583af8f00:   00007f3583af8f50 00007f35d2872a04
0x00007f3583af8f10:   00007f3583af8f70 0000008c01a67a00
0x00007f3583af8f20:   00007f35cc212000 000000000000008c
0x00007f3583af8f30:   00007f35cc2121e0 0000000000000085
0x00007f3583af8f40:   00007f3583af93c8 00007f35cc253b40
0x00007f3583af8f50:   00007f3583af93b0 00007f35d28709fc
0x00007f3583af8f60:   00007f3583af8f70 000000010000000a
0x00007f3583af8f70:   6f742f616c616373 2f63736e2f736c6f
0x00007f3583af8f80:   6572707265746e69 6176614a2f726574
0x00007f3583af8f90:   4a247373616c4370 6c6f6f5470617661
0x00007f3583af8fa0:   33246e6f6e612424 75666e6f6e612424
0x00007f3583af8fb0:   24616c616373246e 736e24736c6f6f74
0x00007f3583af8fc0:   707265746e692463 614a247265746572
0x00007f3583af8fd0:   7373616c43706176 6f54706176614a24
0x00007f3583af8fe0:   6e6f6e6124246c6f 4c65746972772424
0x00007f3583af8ff0:   632e322473656e69 000000007373616c
0x00007f3583af9000:   00007f3583af9360 00007f3583af9070
0x00007f3583af9010:   00007f35d0e5c3d8 99bd497452a67a00
0x00007f3583af9020:   00007f35cc212600 00007f35cc212000
0x00007f3583af9030:   00007f3583af9090 00007f3583af90a0
0x00007f3583af9040:   00007f35cc212a88 00007f3583af9080
0x00007f3583af9050:   00007f3583af9150 00007f35d3be5660
0x00007f3583af9060:   00000000ffffffff 01007f35cc212b60
0x00007f3583af9070:   000000000000000e 0000000000000000
0x00007f3583af9080:   00007f35d0e82568 00007f35cc212000 

Instructions: (pc=0x00007f35d2871cbd)
0x00007f35d2871c9d:   40 30 00 00 00 00 48 c7 40 28 00 00 00 00 0f 84
0x00007f35d2871cad:   bf 01 00 00 49 8b 0c 24 48 2b 4b 28 48 03 4b 18
0x00007f35d2871cbd:   0f b7 41 20 44 0f b7 69 1c 49 89 ce 44 0f b7 61
0x00007f35d2871ccd:   1e 89 45 c0 41 8b 46 0c 48 c7 45 c8 00 00 00 00 

Register to memory mapping:

RAX=0x00007f356c01e3b0 is an unknown value
RBX=0x00007f35cc253b40 is an unknown value
RCX=0x00007f35b8080a00 is an unknown value
RDX=0x00007f356c01e3b0 is an unknown value
RSP=0x00007f3583af8e90 is pointing into the stack for thread: 0x00007f35cc212000
RBP=0x00007f3583af8f00 is pointing into the stack for thread: 0x00007f35cc212000
RSI=0x0000000000000003 is an unknown value
RDI=0x00007f356c000038 is an unknown value
R8 =0x0000000010656862 is an unknown value
R9 =0x0000000000000050 is an unknown value
R10=0xffff80cb5ab1dd50 is an unknown value
R11=0x00000000de616cc0 is an oop
