#
# There is insufficient memory for the Java Runtime Environment to continue.
# Native memory allocation (mmap) failed to map 63963136 bytes for committing reserved memory.
# Possible reasons:
#   The system is out of physical RAM or swap space
#   In 32 bit mode, the process size limit was hit
# Possible solutions:
#   Reduce memory load on the system
#   Increase physical memory or swap space
#   Check if swap backing store is full
#   Use 64 bit Java on a 64 bit OS
#   Decrease Java heap size (-Xmx/-Xms)
#   Decrease number of Java threads
#   Decrease Java thread stack sizes (-Xss)
#   Set larger code cache with -XX:ReservedCodeCacheSize=
# This output file may be truncated or incomplete.
#
#  Out of Memory Error (os_linux.cpp:2627), pid=17010, tid=140696483784448
#
# JRE version: OpenJDK Runtime Environment (8.0_65-b17) (build 1.8.0_65-b17)
# Java VM: OpenJDK 64-Bit Server VM (25.65-b01 mixed mode linux-amd64 compressed oops)
# Failed to write core dump. Core dumps have been disabled. To enable core dumping, try "ulimit -c unlimited" before starting Java again
#

---------------  T H R E A D  ---------------

Current thread (0x00007ff698076000):  VMThread [stack: 0x00007ff673dfe000,0x00007ff673eff000] [id=17024]

Stack: [0x00007ff673dfe000,0x00007ff673eff000],  sp=0x00007ff673efd480,  free space=1021k
Native frames: (J=compiled Java code, j=interpreted, Vv=VM code, C=native code)
V  [libjvm.so+0xa57658]
V  [libjvm.so+0x4c252c]
V  [libjvm.so+0x8a8d80]
V  [libjvm.so+0x8a32ae]
V  [libjvm.so+0x91c98b]
V  [libjvm.so+0x90c04a]
V  [libjvm.so+0x90c253]
V  [libjvm.so+0x90cbb8]
V  [libjvm.so+0x912e7e]
V  [libjvm.so+0x91a80d]
V  [libjvm.so+0x8cd2a3]
V  [libjvm.so+0xa59292]
V  [libjvm.so+0xa5e267]
V  [libjvm.so+0xa5baac]
V  [libjvm.so+0xa5ce8f]
V  [libjvm.so+0xa5d381]
V  [libjvm.so+0x8a6292]

VM_Operation (0x00007ff69e8af950): ParallelGCFailedAllocation, mode: safepoint, requested by thread 0x00007ff698008800


---------------  P R O C E S S  ---------------

Java Threads: ( => current thread )
  0x00007ff69868d800 JavaThread "Keep-Alive-Timer" daemon [_thread_blocked, id=17219, stack(0x00007ff6706b3000,0x00007ff6707b4000)]
  0x00007ff6985ce000 JavaThread "org.eclipse.jetty.server.session.HashSessionManager@30b7c004Timer" daemon [_thread_blocked, id=17158, stack(0x00007ff6709b4000,0x00007ff670ab5000)]
  0x00007ff69825e000 JavaThread "qtp2129789493-18" [_thread_blocked, id=17045, stack(0x00007ff672a57000,0x00007ff672b58000)]
  0x00007ff69825c000 JavaThread "qtp2129789493-17" [_thread_blocked, id=17044, stack(0x00007ff672b58000,0x00007ff672c59000)]
  0x00007ff69825a000 JavaThread "qtp2129789493-16" [_thread_blocked, id=17043, stack(0x00007ff672c59000,0x00007ff672d5a000)]
  0x00007ff698258800 JavaThread "qtp2129789493-15" [_thread_blocked, id=17042, stack(0x00007ff672d5a000,0x00007ff672e5b000)]
  0x00007ff698256800 JavaThread "qtp2129789493-14" [_thread_blocked, id=17041, stack(0x00007ff672e5b000,0x00007ff672f5c000)]
  0x00007ff698255000 JavaThread "qtp2129789493-13" [_thread_blocked, id=17040, stack(0x00007ff672f5c000,0x00007ff67305d000)]
  0x00007ff698253800 JavaThread "qtp2129789493-12" [_thread_blocked, id=17039, stack(0x00007ff67305d000,0x00007ff67315e000)]
  0x00007ff698252000 JavaThread "qtp2129789493-11" [_thread_blocked, id=17038, stack(0x00007ff67315e000,0x00007ff67325f000)]
  0x00007ff6980d8800 JavaThread "Service Thread" daemon [_thread_blocked, id=17031, stack(0x00007ff673569000,0x00007ff67366a000)]
  0x00007ff6980bb800 JavaThread "C1 CompilerThread2" daemon [_thread_blocked, id=17030, stack(0x00007ff67366a000,0x00007ff67376b000)]
  0x00007ff6980b9800 JavaThread "C2 CompilerThread1" daemon [_thread_blocked, id=17029, stack(0x00007ff67376b000,0x00007ff67386c000)]
  0x00007ff6980b6800 JavaThread "C2 CompilerThread0" daemon [_thread_blocked, id=17028, stack(0x00007ff67386c000,0x00007ff67396d000)]
  0x00007ff6980b5000 JavaThread "Signal Dispatcher" daemon [_thread_blocked, id=17027, stack(0x00007ff67396d000,0x00007ff673a6e000)]
  0x00007ff69807d000 JavaThread "Finalizer" daemon [_thread_blocked, id=17026, stack(0x00007ff673bfc000,0x00007ff673cfd000)]
  0x00007ff69807b000 JavaThread "Reference Handler" daemon [_thread_blocked, id=17025, stack(0x00007ff673cfd000,0x00007ff673dfe000)]
  0x00007ff698008800 JavaThread "main" [_thread_blocked, id=17014, stack(0x00007ff69e7b9000,0x00007ff69e8ba000)]

Other Threads:
=>0x00007ff698076000 VMThread [stack: 0x00007ff673dfe000,0x00007ff673eff000] [id=17024]
  0x00007ff6980db000 WatcherThread [stack: 0x00007ff673468000,0x00007ff673569000] [id=17032]

VM state:at safepoint (normal execution)

VM Mutex/Monitor currently owned by a thread:  ([mutex/lock_event])
[0x00007ff698005e70] ExpandHeap_lock - owner thread: 0x00007ff698076000
[0x00007ff6980064f0] Threads_lock - owner thread: 0x00007ff698076000
[0x00007ff6980069f0] Heap_lock - owner thread: 0x00007ff698008800

Heap:
 PSYoungGen      total 324608K, used 928K [0x00000000e6c00000, 0x0000000100000000, 0x0000000100000000)
  eden space 271360K, 0% used [0x00000000e6c00000,0x00000000e6c00000,0x00000000f7500000)
  from space 53248K, 1% used [0x00000000f7500000,0x00000000f75e8010,0x00000000fa900000)
  to   space 74752K, 0% used [0x00000000fb700000,0x00000000fb700000,0x0000000100000000)
 ParOldGen       total 103424K, used 103230K [0x00000000b4400000, 0x00000000ba900000, 0x00000000e6c00000)
  object space 103424K, 99% used [0x00000000b4400000,0x00000000ba8cfbd0,0x00000000ba900000)
 Metaspace       used 15762K, capacity 15874K, committed 16128K, reserved 1062912K
  class space    used 1972K, capacity 2009K, committed 2048K, reserved 1048576K

Card table byte_map: [0x00007ff6887d9000,0x00007ff688a38000] byte_map_base: 0x00007ff688237000

Marking Bits: (ParMarkBitMap*) 0x00007ff69dad37e0
 Begin Bits: [0x00007ff679a20000, 0x00007ff67ad10000)
 End Bits:   [0x00007ff67ad10000, 0x00007ff67c000000)

Polling page: 0x00007ff69e8f5000

CodeCache: size=245760Kb used=7462Kb max_used=7471Kb free=238297Kb
 bounds [0x00007ff688df8000, 0x00007ff689558000, 0x00007ff697df8000]
 total_blobs=2035 nmethods=1695 adapters=254
 compilation: enabled

Compilation events (10 events):
Event: 17.371 Thread 0x00007ff6980bb800 nmethod 1859 0x00007ff68952e510 code [0x00007ff68952e680, 0x00007ff68952e8d8]
Event: 17.371 Thread 0x00007ff6980bb800 1860       3       java.util.ArrayList::subListRangeCheck (110 bytes)
Event: 17.374 Thread 0x00007ff6980bb800 nmethod 1860 0x00007ff689545910 code [0x00007ff689545c40, 0x00007ff689547548]
Event: 17.374 Thread 0x00007ff6980bb800 1861       3       java.util.ArrayList$SubList::<init> (46 bytes)
Event: 17.374 Thread 0x00007ff6980bb800 nmethod 1861 0x00007ff68952df50 code [0x00007ff68952e0c0, 0x00007ff68952e390]
Event: 17.374 Thread 0x00007ff6980bb800 1862       3       org.jsoup.select.Selector::<init> (35 bytes)
Event: 17.375 Thread 0x00007ff6980bb800 nmethod 1862 0x00007ff68952cfd0 code [0x00007ff68952d1e0, 0x00007ff68952dab8]
Event: 17.381 Thread 0x00007ff6980b6800 nmethod 1863 0x00007ff68954b190 code [0x00007ff68954b320, 0x00007ff68954b7d8]
Event: 17.423 Thread 0x00007ff6980bb800 1864       3       org.jsoup.select.QueryParser::<init> (33 bytes)
Event: 17.425 Thread 0x00007ff6980bb800 nmethod 1864 0x00007ff68954a5d0 code [0x00007ff68954a7a0, 0x00007ff68954ae28]

GC Heap History (10 events):
Event: 5.234 GC heap after
Heap after GC invocations=6 (full 0):
 PSYoungGen      total 159232K, used 13294K [0x00000000e6c00000, 0x00000000f3100000, 0x0000000100000000)
  eden space 145920K, 0% used [0x00000000e6c00000,0x00000000e6c00000,0x00000000efa80000)
  from space 13312K, 99% used [0x00000000f1100000,0x00000000f1dfbbc8,0x00000000f1e00000)
  to   space 23040K, 0% used [0x00000000efa80000,0x00000000efa80000,0x00000000f1100000)
 ParOldGen       total 52224K, used 25423K [0x00000000b4400000, 0x00000000b7700000, 0x00000000e6c00000)
  object space 52224K, 48% used [0x00000000b4400000,0x00000000b5cd3ee0,0x00000000b7700000)
 Metaspace       used 8202K, capacity 8260K, committed 8320K, reserved 1056768K
  class space    used 872K, capacity 880K, committed 896K, reserved 1048576K
}
Event: 7.535 GC heap before
{Heap before GC invocations=7 (full 0):
 PSYoungGen      total 159232K, used 159214K [0x00000000e6c00000, 0x00000000f3100000, 0x0000000100000000)
  eden space 145920K, 100% used [0x00000000e6c00000,0x00000000efa80000,0x00000000efa80000)
  from space 13312K, 99% used [0x00000000f1100000,0x00000000f1dfbbc8,0x00000000f1e00000)
  to   space 23040K, 0% used [0x00000000efa80000,0x00000000efa80000,0x00000000f1100000)
 ParOldGen       total 52224K, used 25426K [0x00000000b4400000, 0x00000000b7700000, 0x00000000e6c00000)
  object space 52224K, 48% used [0x00000000b4400000,0x00000000b5cd4908,0x00000000b7700000)
 Metaspace       used 8218K, capacity 8260K, committed 8320K, reserved 1056768K
  class space    used 873K, capacity 880K, committed 896K, reserved 1048576K
Event: 7.666 GC heap after
Heap after GC invocations=7 (full 0):
 PSYoungGen      total 168960K, used 23022K [0x00000000e6c00000, 0x00000000fdd00000, 0x0000000100000000)
  eden space 145920K, 0% used [0x00000000e6c00000,0x00000000e6c00000,0x00000000efa80000)
  from space 23040K, 99% used [0x00000000efa80000,0x00000000f10fb9c0,0x00000000f1100000)
  to   space 43008K, 0% used [0x00000000fb300000,0x00000000fb300000,0x00000000fdd00000)
 ParOldGen       total 54784K, used 54776K [0x00000000b4400000, 0x00000000b7980000, 0x00000000e6c00000)
  object space 54784K, 99% used [0x00000000b4400000,0x00000000b797e0a8,0x00000000b7980000)
 Metaspace       used 8218K, capacity 8260K, committed 8320K, reserved 1056768K
  class space    used 873K, capacity 880K, committed 896K, reserved 1048576K
}
Event: 7.666 GC heap before
{Heap before GC invocations=8 (full 1):
 PSYoungGen      total 168960K, used 23022K [0x00000000e6c00000, 0x00000000fdd00000, 0x0000000100000000)
  eden space 145920K, 0% used [0x00000000e6c00000,0x00000000e6c00000,0x00000000efa80000)
  from space 23040K, 99% used [0x00000000efa80000,0x00000000f10fb9c0,0x00000000f1100000)
  to   space 43008K, 0% used [0x00000000fb300000,0x00000000fb300000,0x00000000fdd00000)
 ParOldGen       total 54784K, used 54776K [0x00000000b4400000, 0x00000000b7980000, 0x00000000e6c00000)
  object space 54784K, 99% used [0x00000000b4400000,0x00000000b797e0a8,0x00000000b7980000)
 Metaspace       used 8218K, capacity 8260K, committed 8320K, reserved 1056768K
  class space    used 873K, capacity 880K, committed 896K, reserved 1048576K
Event: 7.862 GC heap after
Heap after GC invocations=8 (full 1):
 PSYoungGen      total 168960K, used 10125K [0x00000000e6c00000, 0x00000000fdd00000, 0x0000000100000000)
  eden space 145920K, 0% used [0x00000000e6c00000,0x00000000e6c00000,0x00000000efa80000)
  from space 23040K, 43% used [0x00000000efa80000,0x00000000f0463518,0x00000000f1100000)
  to   space 43008K, 0% used [0x00000000fb300000,0x00000000fb300000,0x00000000fdd00000)
 ParOldGen       total 103424K, used 54322K [0x00000000b4400000, 0x00000000ba900000, 0x00000000e6c00000)
  object space 103424K, 52% used [0x00000000b4400000,0x00000000b790ca60,0x00000000ba900000)
 Metaspace       used 8218K, capacity 8260K, committed 8320K, reserved 1056768K
  class space    used 873K, capacity 880K, committed 896K, reserved 1048576K
}
Event: 9.302 GC heap before
{Heap before GC invocations=9 (full 1):
 PSYoungGen      total 168960K, used 156045K [0x00000000e6c00000, 0x00000000fdd00000, 0x0000000100000000)
  eden space 145920K, 100% used [0x00000000e6c00000,0x00000000efa80000,0x00000000efa80000)
  from space 23040K, 43% used [0x00000000efa80000,0x00000000f0463518,0x00000000f1100000)
  to   space 43008K, 0% used [0x00000000fb300000,0x00000000fb300000,0x00000000fdd00000)
 ParOldGen       total 103424K, used 54322K [0x00000000b4400000, 0x00000000ba900000, 0x00000000e6c00000)
  object space 103424K, 52% used [0x00000000b4400000,0x00000000b790ca60,0x00000000ba900000)
 Metaspace       used 8221K, capacity 8260K, committed 8320K, reserved 1056768K
  class space    used 873K, capacity 880K, committed 896K, reserved 1048576K
Event: 9.456 GC heap after
Heap after GC invocations=9 (full 1):
 PSYoungGen      total 302080K, used 43004K [0x00000000e6c00000, 0x00000000fdd00000, 0x0000000100000000)
  eden space 259072K, 0% used [0x00000000e6c00000,0x00000000e6c00000,0x00000000f6900000)
  from space 43008K, 99% used [0x00000000fb300000,0x00000000fdcff040,0x00000000fdd00000)
  to   space 53248K, 0% used [0x00000000f7500000,0x00000000f7500000,0x00000000fa900000)
 ParOldGen       total 103424K, used 56834K [0x00000000b4400000, 0x00000000ba900000, 0x00000000e6c00000)
  object space 103424K, 54% used [0x00000000b4400000,0x00000000b7b80a60,0x00000000ba900000)
 Metaspace       used 8221K, capacity 8260K, committed 8320K, reserved 1056768K
  class space    used 873K, capacity 880K, committed 896K, reserved 1048576K
}
Event: 17.432 GC heap before
{Heap before GC invocations=10 (full 1):
 PSYoungGen      total 302080K, used 302076K [0x00000000e6c00000, 0x00000000fdd00000, 0x0000000100000000)
  eden space 259072K, 100% used [0x00000000e6c00000,0x00000000f6900000,0x00000000f6900000)
  from space 43008K, 99% used [0x00000000fb300000,0x00000000fdcff040,0x00000000fdd00000)
  to   space 53248K, 0% used [0x00000000f7500000,0x00000000f7500000,0x00000000fa900000)
 ParOldGen       total 103424K, used 56834K [0x00000000b4400000, 0x00000000ba900000, 0x00000000e6c00000)
  object space 103424K, 54% used [0x00000000b4400000,0x00000000b7b80a60,0x00000000ba900000)
 Metaspace       used 15762K, capacity 15874K, committed 16128K, reserved 1062912K
  class space    used 1972K, capacity 2009K, committed 2048K, reserved 1048576K
Event: 17.555 GC heap after
Heap after GC invocations=10 (full 1):
 PSYoungGen      total 324608K, used 53216K [0x00000000e6c00000, 0x0000000100000000, 0x0000000100000000)
  eden space 271360K, 0% used [0x00000000e6c00000,0x00000000e6c00000,0x00000000f7500000)
  from space 53248K, 99% used [0x00000000f7500000,0x00000000fa8f83c8,0x00000000fa900000)
  to   space 74752K, 0% used [0x00000000fb700000,0x00000000fb700000,0x0000000100000000)
 ParOldGen       total 103424K, used 84426K [0x00000000b4400000, 0x00000000ba900000, 0x00000000e6c00000)
  object space 103424K, 81% used [0x00000000b4400000,0x00000000b9672af8,0x00000000ba900000)
 Metaspace       used 15762K, capacity 15874K, committed 16128K, reserved 1062912K
  class space    used 1972K, capacity 2009K, committed 2048K, reserved 1048576K
}
Event: 17.555 GC heap before
{Heap before GC invocations=11 (full 2):
 PSYoungGen      total 324608K, used 53216K [0x00000000e6c00000, 0x0000000100000000, 0x0000000100000000)
  eden space 271360K, 0% used [0x00000000e6c00000,0x00000000e6c00000,0x00000000f7500000)
  from space 53248K, 99% used [0x00000000f7500000,0x00000000fa8f83c8,0x00000000fa900000)
  to   space 74752K, 0% used [0x00000000fb700000,0x00000000fb700000,0x0000000100000000)
 ParOldGen       total 103424K, used 84426K [0x00000000b4400000, 0x00000000ba900000, 0x00000000e6c00000)
  object space 103424K, 81% used [0x00000000b4400000,0x00000000b9672af8,0x00000000ba900000)
 Metaspace       used 15762K, capacity 15874K, committed 16128K, reserved 1062912K
  class space    used 1972K, capacity 2009K, committed 2048K, reserved 1048576K

Deoptimization events (10 events):
Event: 11.939 Thread 0x00007ff698008800 Uncommon trap: reason=unstable_if action=reinterpret pc=0x00007ff6892f80e8 method=java.util.HashMap.hash(Ljava/lang/Object;)I @ 1
Event: 11.942 Thread 0x00007ff698008800 Uncommon trap: reason=unstable_if action=reinterpret pc=0x00007ff689189c90 method=java.net.URL.set(Ljava/lang/String;Ljava/lang/String;ILjava/lang/String;Ljava/lang/String;Ljava/lang/String;Ljava/lang/String;Ljava/lang/String;)V @ 23
Event: 11.942 Thread 0x00007ff698008800 Uncommon trap: reason=unstable_if action=reinterpret pc=0x00007ff6891b6f38 method=java.net.URLStreamHandler.toExternalForm(Ljava/net/URL;)Ljava/lang/String; @ 24
Event: 11.996 Thread 0x00007ff698008800 Uncommon trap: reason=bimorphic action=maybe_recompile pc=0x00007ff6891b1234 method=java.io.FilterInputStream.available()I @ 4
Event: 12.016 Thread 0x00007ff698008800 Uncommon trap: reason=bimorphic action=maybe_recompile pc=0x00007ff6891b1234 method=java.io.FilterInputStream.available()I @ 4
Event: 12.017 Thread 0x00007ff698008800 Uncommon trap: reason=bimorphic action=maybe_recompile pc=0x00007ff6891b1234 method=java.io.FilterInputStream.available()I @ 4
Event: 12.116 Thread 0x00007ff698008800 Uncommon trap: reason=unstable_if action=reinterpret pc=0x00007ff689187c3c method=java.net.URL.set(Ljava/lang/String;Ljava/lang/String;ILjava/lang/String;Ljava/lang/String;Ljava/lang/String;Ljava/lang/String;Ljava/lang/String;)V @ 23
Event: 12.168 Thread 0x00007ff698008800 Uncommon trap: reason=bimorphic action=maybe_recompile pc=0x00007ff6891b1234 method=java.io.FilterInputStream.available()I @ 4
Event: 12.415 Thread 0x00007ff698008800 Uncommon trap: reason=unstable_if action=reinterpret pc=0x00007ff688f0e15c method=java.lang.CharacterDataLatin1.digit(II)I @ 82
Event: 12.886 Thread 0x00007ff698008800 Uncommon trap: reason=unstable_if action=reinterpret pc=0x00007ff688f8f7d0 method=org.jsoup.parser.CharacterReader.rangeEquals(IILjava/lang/String;)Z @ 44

Internal exceptions (10 events):
Event: 11.153 Thread 0x00007ff698008800 Exception <a 'java/lang/ArrayIndexOutOfBoundsException'> (0x00000000f173ea18) thrown at [/build/java8-openjdk/src/jdk8u-jdk8u65-b17/hotspot/src/share/vm/runtime/sharedRuntime.cpp, line 605]
Event: 11.154 Thread 0x00007ff698008800 Exception <a 'java/lang/ArrayIndexOutOfBoundsException'> (0x00000000f1741450) thrown at [/build/java8-openjdk/src/jdk8u-jdk8u65-b17/hotspot/src/share/vm/runtime/sharedRuntime.cpp, line 605]
Event: 11.154 Thread 0x00007ff698008800 Exception <a 'java/lang/ArrayIndexOutOfBoundsException'> (0x00000000f1742aa0) thrown at [/build/java8-openjdk/src/jdk8u-jdk8u65-b17/hotspot/src/share/vm/runtime/sharedRuntime.cpp, line 605]
Event: 11.155 Thread 0x00007ff698008800 Exception <a 'java/lang/ClassNotFoundException': ch/qos/logback/core/pattern/PatternLayoutEncoderBaseCustomizer> (0x00000000f175b3c0) thrown at [/build/java8-openjdk/src/jdk8u-jdk8u65-b17/hotspot/src/share/vm/classfile/systemDictionary.cpp, line 210]
Event: 11.156 Thread 0x00007ff698008800 Exception <a 'java/lang/ArrayIndexOutOfBoundsException'> (0x00000000f175eeb0) thrown at [/build/java8-openjdk/src/jdk8u-jdk8u65-b17/hotspot/src/share/vm/runtime/sharedRuntime.cpp, line 605]
Event: 11.156 Thread 0x00007ff698008800 Exception <a 'java/lang/ArrayIndexOutOfBoundsException'> (0x00000000f17611e0) thrown at [/build/java8-openjdk/src/jdk8u-jdk8u65-b17/hotspot/src/share/vm/runtime/sharedRuntime.cpp, line 605]
Event: 11.158 Thread 0x00007ff698008800 Exception <a 'java/lang/ClassNotFoundException': ch/qos/logback/classic/encoder/PatternLayoutEncoderCustomizer> (0x00000000f177ca28) thrown at [/build/java8-openjdk/src/jdk8u-jdk8u65-b17/hotspot/src/share/vm/classfile/systemDictionary.cpp, line 210]
Event: 11.158 Thread 0x00007ff698008800 Exception <a 'java/lang/ArrayIndexOutOfBoundsException'> (0x00000000f177ff80) thrown at [/build/java8-openjdk/src/jdk8u-jdk8u65-b17/hotspot/src/share/vm/runtime/sharedRuntime.cpp, line 605]
Event: 11.939 Thread 0x00007ff698008800 Implicit null exception at 0x00007ff689300698 to 0x00007ff689300726
Event: 11.939 Thread 0x00007ff698008800 Implicit null exception at 0x00007ff6892f806f to 0x00007ff6892f80d9

Events (10 events):
Event: 16.948 loading class java/util/RandomAccessSubList done
Event: 16.948 Executing VM operation: RevokeBias
Event: 16.949 Executing VM operation: RevokeBias done
Event: 16.949 Thread 0x00007ff69868d800 Thread exited: 0x00007ff69868d800
Event: 16.949 Thread 0x00007ff69868d800 Thread added: 0x00007ff69868d800
Event: 17.287 loading class sun/net/www/http/ChunkedInputStream
Event: 17.289 loading class sun/net/www/http/ChunkedInputStream done
Event: 17.290 loading class sun/nio/cs/US_ASCII$Decoder
Event: 17.291 loading class sun/nio/cs/US_ASCII$Decoder done
Event: 17.432 Executing VM operation: ParallelGCFailedAllocation


Dynamic libraries:
00400000-00401000 r-xp 00000000 08:03 1049889                            /usr/lib/jvm/java-8-openjdk/jre/bin/java
00600000-00601000 rw-p 00000000 08:03 1049889                            /usr/lib/jvm/java-8-openjdk/jre/bin/java
00668000-00689000 rw-p 00000000 00:00 0                                  [heap]
b4400000-ba900000 rw-p 00000000 00:00 0 
be600000-e6c00000 ---p 00000000 00:00 0 
e6c00000-100000000 rw-p 00000000 00:00 0 
100000000-100200000 rw-p 00000000 00:00 0 
100200000-140000000 ---p 00000000 00:00 0 
7ff604000000-7ff604021000 rw-p 00000000 00:00 0 
7ff604021000-7ff608000000 ---p 00000000 00:00 0 
7ff608000000-7ff608021000 rw-p 00000000 00:00 0 
7ff608021000-7ff60c000000 ---p 00000000 00:00 0 
7ff60c000000-7ff60ffff000 rw-p 00000000 00:00 0 
7ff60ffff000-7ff610000000 ---p 00000000 00:00 0 
7ff610000000-7ff61343f000 rw-p 00000000 00:00 0 
7ff61343f000-7ff614000000 ---p 00000000 00:00 0 
7ff614000000-7ff617ffd000 rw-p 00000000 00:00 0 
7ff617ffd000-7ff618000000 ---p 00000000 00:00 0 
7ff618000000-7ff61bffd000 rw-p 00000000 00:00 0 
7ff61bffd000-7ff61c000000 ---p 00000000 00:00 0 
7ff61c000000-7ff61ffff000 rw-p 00000000 00:00 0 
7ff61ffff000-7ff620000000 ---p 00000000 00:00 0 
7ff620000000-7ff621c79000 rw-p 00000000 00:00 0 
7ff621c79000-7ff624000000 ---p 00000000 00:00 0 
7ff624000000-7ff626885000 rw-p 00000000 00:00 0 
7ff626885000-7ff628000000 ---p 00000000 00:00 0 
7ff628000000-7ff62bffd000 rw-p 00000000 00:00 0 
7ff62bffd000-7ff62c000000 ---p 00000000 00:00 0 
7ff62c000000-7ff62d44e000 rw-p 00000000 00:00 0 
7ff62d44e000-7ff630000000 ---p 00000000 00:00 0 
7ff630000000-7ff634000000 rw-p 00000000 00:00 0 
7ff634000000-7ff637ea2000 rw-p 00000000 00:00 0 
7ff637ea2000-7ff638000000 ---p 00000000 00:00 0 
7ff638000000-7ff63bfff000 rw-p 00000000 00:00 0 
7ff63bfff000-7ff63c000000 ---p 00000000 00:00 0 
7ff63c000000-7ff63ed2c000 rw-p 00000000 00:00 0 
7ff63ed2c000-7ff640000000 ---p 00000000 00:00 0 
7ff640000000-7ff643fff000 rw-p 00000000 00:00 0 
7ff643fff000-7ff644000000 ---p 00000000 00:00 0 
7ff644000000-7ff647eec000 rw-p 00000000 00:00 0 
7ff647eec000-7ff648000000 ---p 00000000 00:00 0 
7ff648000000-7ff649b60000 rw-p 00000000 00:00 0 
7ff649b60000-7ff64c000000 ---p 00000000 00:00 0 
7ff64c000000-7ff64c021000 rw-p 00000000 00:00 0 
7ff64c021000-7ff650000000 ---p 00000000 00:00 0 
7ff650000000-7ff650021000 rw-p 00000000 00:00 0 
7ff650021000-7ff654000000 ---p 00000000 00:00 0 
7ff654000000-7ff655d6e000 rw-p 00000000 00:00 0 
7ff655d6e000-7ff658000000 ---p 00000000 00:00 0 
7ff658000000-7ff6585af000 rw-p 00000000 00:00 0 
7ff6585af000-7ff65c000000 ---p 00000000 00:00 0 
7ff65c000000-7ff65c021000 rw-p 00000000 00:00 0 
7ff65c021000-7ff660000000 ---p 00000000 00:00 0 
7ff660000000-7ff6614ff000 rw-p 00000000 00:00 0 
7ff6614ff000-7ff664000000 ---p 00000000 00:00 0 
7ff664000000-7ff664021000 rw-p 00000000 00:00 0 
7ff664021000-7ff668000000 ---p 00000000 00:00 0 
7ff668000000-7ff668021000 rw-p 00000000 00:00 0 
7ff668021000-7ff66c000000 ---p 00000000 00:00 0 
7ff66c000000-7ff66c033000 rw-p 00000000 00:00 0 
7ff66c033000-7ff670000000 ---p 00000000 00:00 0 
7ff6706b3000-7ff6706b6000 ---p 00000000 00:00 0 
7ff6706b6000-7ff670974000 rw-p 00000000 00:00 0                          [stack:17219]
7ff670974000-7ff6709b4000 ---p 00000000 00:00 0 
7ff6709b4000-7ff6709b7000 ---p 00000000 00:00 0 
7ff6709b7000-7ff670cb5000 rw-p 00000000 00:00 0                          [stack:17158]
7ff670cb5000-7ff670cb9000 r-xp 00000000 08:03 529329                     /usr/lib/libattr.so.1.1.0
7ff670cb9000-7ff670eb8000 ---p 00004000 08:03 529329                     /usr/lib/libattr.so.1.1.0
7ff670eb8000-7ff670eb9000 r--p 00003000 08:03 529329                     /usr/lib/libattr.so.1.1.0
7ff670eb9000-7ff670eba000 rw-p 00004000 08:03 529329                     /usr/lib/libattr.so.1.1.0
7ff670eba000-7ff670ebe000 r-xp 00000000 08:03 529339                     /usr/lib/libcap.so.2.24
7ff670ebe000-7ff6710bd000 ---p 00004000 08:03 529339                     /usr/lib/libcap.so.2.24
7ff6710bd000-7ff6710be000 rw-p 00003000 08:03 529339                     /usr/lib/libcap.so.2.24
7ff6710be000-7ff6710dc000 r-xp 00000000 08:03 526009                     /usr/lib/libseccomp.so.2.2.3
7ff6710dc000-7ff6712dc000 ---p 0001e000 08:03 526009                     /usr/lib/libseccomp.so.2.2.3
7ff6712dc000-7ff6712e9000 r--p 0001e000 08:03 526009                     /usr/lib/libseccomp.so.2.2.3
7ff6712e9000-7ff6712ea000 rw-p 0002b000 08:03 526009                     /usr/lib/libseccomp.so.2.2.3
7ff6712ea000-7ff67131c000 r-xp 00000000 08:03 533773                     /usr/lib/libidn.so.11.6.15
7ff67131c000-7ff67151c000 ---p 00032000 08:03 533773                     /usr/lib/libidn.so.11.6.15
7ff67151c000-7ff67151d000 r--p 00032000 08:03 533773                     /usr/lib/libidn.so.11.6.15
7ff67151d000-7ff67151e000 rw-p 00033000 08:03 533773                     /usr/lib/libidn.so.11.6.15
7ff67151e000-7ff671526000 r-xp 00000000 08:03 529317                     /usr/lib/libacl.so.1.1.0
7ff671526000-7ff671725000 ---p 00008000 08:03 529317                     /usr/lib/libacl.so.1.1.0
7ff671725000-7ff671726000 r--p 00007000 08:03 529317                     /usr/lib/libacl.so.1.1.0
7ff671726000-7ff671727000 rw-p 00008000 08:03 529317                     /usr/lib/libacl.so.1.1.0
7ff671727000-7ff671739000 r-xp 00000000 08:03 527724                     /usr/lib/libgpg-error.so.0.16.0
7ff671739000-7ff671938000 ---p 00012000 08:03 527724                     /usr/lib/libgpg-error.so.0.16.0
7ff671938000-7ff671939000 r--p 00011000 08:03 527724                     /usr/lib/libgpg-error.so.0.16.0
7ff671939000-7ff67193a000 rw-p 00012000 08:03 527724                     /usr/lib/libgpg-error.so.0.16.0
7ff67193a000-7ff671a12000 r-xp 00000000 08:03 527689                     /usr/lib/libgcrypt.so.20.0.4
7ff671a12000-7ff671c12000 ---p 000d8000 08:03 527689                     /usr/lib/libgcrypt.so.20.0.4
7ff671c12000-7ff671c13000 r--p 000d8000 08:03 527689                     /usr/lib/libgcrypt.so.20.0.4
7ff671c13000-7ff671c1b000 rw-p 000d9000 08:03 527689                     /usr/lib/libgcrypt.so.20.0.4
7ff671c1b000-7ff671c1c000 rw-p 00000000 00:00 0 
7ff671c1c000-7ff671c2d000 r-xp 00000000 08:03 529454                     /usr/lib/liblz4.so.1.7.1
7ff671c2d000-7ff671e2c000 ---p 00011000 08:03 529454                     /usr/lib/liblz4.so.1.7.1
7ff671e2c000-7ff671e2d000 r--p 00010000 08:03 529454                     /usr/lib/liblz4.so.1.7.1
7ff671e2d000-7ff671e2e000 rw-p 00011000 08:03 529454                     /usr/lib/liblz4.so.1.7.1
7ff671e2e000-7ff671e53000 r-xp 00000000 08:03 525103                     /usr/lib/liblzma.so.5.2.2
7ff671e53000-7ff672052000 ---p 00025000 08:03 525103                     /usr/lib/liblzma.so.5.2.2
7ff672052000-7ff672053000 r--p 00024000 08:03 525103                     /usr/lib/liblzma.so.5.2.2
7ff672053000-7ff672054000 rw-p 00025000 08:03 525103                     /usr/lib/liblzma.so.5.2.2
7ff672054000-7ff672062000 r-xp 00000000 08:03 529562                     /usr/lib/libnss_myhostname.so.2
7ff672062000-7ff672065000 r--p 0000d000 08:03 529562                     /usr/lib/libnss_myhostname.so.2
7ff672065000-7ff672066000 rw-p 00010000 08:03 529562                     /usr/lib/libnss_myhostname.so.2
7ff672066000-7ff67207a000 r-xp 00000000 08:03 531021                     /usr/lib/libresolv-2.22.so
7ff67207a000-7ff672279000 ---p 00014000 08:03 531021                     /usr/lib/libresolv-2.22.so
7ff672279000-7ff67227a000 r--p 00013000 08:03 531021                     /usr/lib/libresolv-2.22.so
7ff67227a000-7ff67227b000 rw-p 00014000 08:03 531021                     /usr/lib/libresolv-2.22.so
7ff67227b000-7ff67227d000 rw-p 00000000 00:00 0 
7ff67227d000-7ff672282000 r-xp 00000000 08:03 530895                     /usr/lib/libnss_dns-2.22.so
7ff672282000-7ff672481000 ---p 00005000 08:03 530895                     /usr/lib/libnss_dns-2.22.so
7ff672481000-7ff672482000 r--p 00004000 08:03 530895                     /usr/lib/libnss_dns-2.22.so
7ff672482000-7ff672483000 rw-p 00005000 08:03 530895                     /usr/lib/libnss_dns-2.22.so
7ff672495000-7ff6724b1000 r--s 00393000 08:03 1049769                    /usr/lib/jvm/java-8-openjdk/jre/lib/ext/cldrdata.jar
7ff6724b1000-7ff6724bb000 r--s 00116000 08:03 1049768                    /usr/lib/jvm/java-8-openjdk/jre/lib/ext/localedata.jar
7ff6724bb000-7ff6724d1000 r-xp 00000000 08:03 1049855                    /usr/lib/jvm/java-8-openjdk/jre/lib/amd64/libnet.so
7ff6724d1000-7ff6726d1000 ---p 00016000 08:03 1049855                    /usr/lib/jvm/java-8-openjdk/jre/lib/amd64/libnet.so
7ff6726d1000-7ff6726d2000 rw-p 00016000 08:03 1049855                    /usr/lib/jvm/java-8-openjdk/jre/lib/amd64/libnet.so
7ff6726d2000-7ff6728d2000 rw-p 00000000 00:00 0 
7ff6728d2000-7ff6728d6000 r--s 0003c000 08:03 396940                     /home/aoi/Code/LaundryAPI/target/webapp/WEB-INF/lib/jackson-core-2.6.3.jar
7ff6728d6000-7ff6729c6000 r--s 00c16000 08:03 396927                     /home/aoi/Code/LaundryAPI/target/webapp/WEB-INF/lib/scala-compiler-2.11.0.jar
7ff6729c6000-7ff6729d3000 r--s 00071000 08:03 396941                     /home/aoi/Code/LaundryAPI/target/webapp/WEB-INF/lib/jackson-module-scala_2.11-2.6.3.jar
7ff6729d3000-7ff6729dd000 r--s 0009a000 08:03 396923                     /home/aoi/Code/LaundryAPI/target/webapp/WEB-INF/lib/scala-xml_2.11-1.0.5.jar
7ff6729dd000-7ff6729e3000 r--s 0003d000 08:03 396944                     /home/aoi/Code/LaundryAPI/target/webapp/WEB-INF/lib/logback-classic-1.1.2.jar
7ff6729e3000-7ff6729eb000 r--s 00043000 08:03 396926                     /home/aoi/Code/LaundryAPI/target/webapp/WEB-INF/lib/scalate-util_2.11-1.7.1.jar
7ff6729eb000-7ff6729ff000 r--s 000b0000 08:03 396928                     /home/aoi/Code/LaundryAPI/target/webapp/WEB-INF/lib/scalatra-swagger_2.11-2.4.0.RC1.jar
7ff6729ff000-7ff672a57000 r--s 00523000 08:03 396913                     /home/aoi/Code/LaundryAPI/target/webapp/WEB-INF/lib/scala-library-2.11.7.jar
7ff672a57000-7ff672a5a000 ---p 00000000 00:00 0 
7ff672a5a000-7ff672b58000 rw-p 00000000 00:00 0                          [stack:17045]
7ff672b58000-7ff672b5b000 ---p 00000000 00:00 0 
7ff672b5b000-7ff672c59000 rw-p 00000000 00:00 0                          [stack:17044]
7ff672c59000-7ff672c5c000 ---p 00000000 00:00 0 
7ff672c5c000-7ff672d5a000 rw-p 00000000 00:00 0                          [stack:17043]
7ff672d5a000-7ff672d5d000 ---p 00000000 00:00 0 
7ff672d5d000-7ff672e5b000 rw-p 00000000 00:00 0                          [stack:17042]
7ff672e5b000-7ff672e5e000 ---p 00000000 00:00 0 
7ff672e5e000-7ff672f5c000 rw-p 00000000 00:00 0                          [stack:17041]
7ff672f5c000-7ff672f5f000 ---p 00000000 00:00 0 
7ff672f5f000-7ff67305d000 rw-p 00000000 00:00 0                          [stack:17040]
7ff67305d000-7ff673060000 ---p 00000000 00:00 0 
7ff673060000-7ff67315e000 rw-p 00000000 00:00 0                          [stack:17039]
7ff67315e000-7ff673161000 ---p 00000000 00:00 0 
7ff673161000-7ff67325f000 rw-p 00000000 00:00 0                          [stack:17038]
7ff67325f000-7ff673267000 r-xp 00000000 08:03 1049861                    /usr/lib/jvm/java-8-openjdk/jre/lib/amd64/libmanagement.so
7ff673267000-7ff673467000 ---p 00008000 08:03 1049861                    /usr/lib/jvm/java-8-openjdk/jre/lib/amd64/libmanagement.so
7ff673467000-7ff673468000 rw-p 00008000 08:03 1049861                    /usr/lib/jvm/java-8-openjdk/jre/lib/amd64/libmanagement.so
7ff673468000-7ff673469000 ---p 00000000 00:00 0 
7ff673469000-7ff673569000 rw-p 00000000 00:00 0                          [stack:17032]
7ff673569000-7ff67356c000 ---p 00000000 00:00 0 
7ff67356c000-7ff67366a000 rw-p 00000000 00:00 0                          [stack:17031]
7ff67366a000-7ff67366d000 ---p 00000000 00:00 0 
7ff67366d000-7ff67376b000 rw-p 00000000 00:00 0                          [stack:17030]
7ff67376b000-7ff67376e000 ---p 00000000 00:00 0 
7ff67376e000-7ff67386c000 rw-p 00000000 00:00 0                          [stack:17029]
7ff67386c000-7ff67386f000 ---p 00000000 00:00 0 
7ff67386f000-7ff67396d000 rw-p 00000000 00:00 0                          [stack:17028]
7ff67396d000-7ff673970000 ---p 00000000 00:00 0 
7ff673970000-7ff673a6e000 rw-p 00000000 00:00 0                          [stack:17027]
7ff673a6e000-7ff673bfc000 r--p 00000000 08:03 549977                     /usr/lib/locale/locale-archive
7ff673bfc000-7ff673bff000 ---p 00000000 00:00 0 
7ff673bff000-7ff673cfd000 rw-p 00000000 00:00 0                          [stack:17026]
7ff673cfd000-7ff673d00000 ---p 00000000 00:00 0 
7ff673d00000-7ff673dfe000 rw-p 00000000 00:00 0                          [stack:17025]
7ff673dfe000-7ff673dff000 ---p 00000000 00:00 0 
7ff673dff000-7ff674000000 rw-p 00000000 00:00 0                          [stack:17024]
7ff674000000-7ff674021000 rw-p 00000000 00:00 0 
7ff674021000-7ff678000000 ---p 00000000 00:00 0 
7ff678001000-7ff678002000 rw-p 00000000 00:00 0 
7ff678002000-7ff678004000 r--s 00012000 08:03 396930                     /home/aoi/Code/LaundryAPI/target/webapp/WEB-INF/lib/json4s-ext_2.11-3.3.0.RC1.jar
7ff678004000-7ff678005000 r--s 00001000 08:03 396916                     /home/aoi/Code/LaundryAPI/target/webapp/WEB-INF/lib/grizzled-slf4j_2.11-1.0.2.jar
7ff678005000-7ff678007000 r--s 00009000 08:03 396937                     /home/aoi/Code/LaundryAPI/target/webapp/WEB-INF/lib/json4s-jackson_2.11-3.3.0.jar
7ff678007000-7ff678009000 r--s 00009000 08:03 396943                     /home/aoi/Code/LaundryAPI/target/webapp/WEB-INF/lib/jackson-module-paranamer-2.6.3.jar
7ff678009000-7ff67800c000 r--s 00010000 08:03 396932                     /home/aoi/Code/LaundryAPI/target/webapp/WEB-INF/lib/json4s-native_2.11-3.3.0.jar
7ff67800c000-7ff67800f000 r--s 00013000 08:03 396934                     /home/aoi/Code/LaundryAPI/target/webapp/WEB-INF/lib/json4s-ast_2.11-3.3.0.jar
7ff67800f000-7ff678011000 r--s 0000c000 08:03 396924                     /home/aoi/Code/LaundryAPI/target/webapp/WEB-INF/lib/scalatra-scalate_2.11-2.4.0.RC3.jar
7ff678011000-7ff67803d000 r--s 001b5000 08:03 396925                     /home/aoi/Code/LaundryAPI/target/webapp/WEB-INF/lib/scalate-core_2.11-1.7.1.jar
7ff67803d000-7ff67804a000 r--s 00088000 08:03 396935                     /home/aoi/Code/LaundryAPI/target/webapp/WEB-INF/lib/json4s-scalap_2.11-3.3.0.jar
7ff67804a000-7ff67804c000 r--s 0001c000 08:03 396919                     /home/aoi/Code/LaundryAPI/target/webapp/WEB-INF/lib/mime-util-2.1.3.jar
7ff67804c000-7ff678098000 r--s 00412000 08:03 396942                     /home/aoi/Code/LaundryAPI/target/webapp/WEB-INF/lib/scala-reflect-2.11.7.jar
7ff678098000-7ff6780a3000 r--s 0005d000 08:03 396922                     /home/aoi/Code/LaundryAPI/target/webapp/WEB-INF/lib/scala-parser-combinators_2.11-1.0.4.jar
7ff6780a3000-7ff6780a9000 r--s 00047000 08:03 396931                     /home/aoi/Code/LaundryAPI/target/webapp/WEB-INF/lib/jsoup-1.8.3.jar
7ff6780a9000-7ff6780ac000 r--s 00009000 08:03 396939                     /home/aoi/Code/LaundryAPI/target/webapp/WEB-INF/lib/jackson-annotations-2.6.3.jar
7ff6780ac000-7ff6780ae000 r--s 00014000 08:03 396929                     /home/aoi/Code/LaundryAPI/target/webapp/WEB-INF/lib/scalatra-json_2.11-2.4.0.RC1.jar
7ff6780ae000-7ff6780bf000 r--s 0010d000 08:03 396938                     /home/aoi/Code/LaundryAPI/target/webapp/WEB-INF/lib/jackson-databind-2.6.3.jar
7ff6780bf000-7ff6780c1000 r--s 00007000 08:03 396936                     /home/aoi/Code/LaundryAPI/target/webapp/WEB-INF/lib/paranamer-2.8.jar
7ff6780c1000-7ff6780c5000 r--s 00018000 08:03 396921                     /home/aoi/Code/LaundryAPI/target/webapp/WEB-INF/lib/joda-convert-1.8.1.jar
7ff6780c5000-7ff6780cf000 r--s 0005f000 08:03 396945                     /home/aoi/Code/LaundryAPI/target/webapp/WEB-INF/lib/logback-core-1.1.2.jar
7ff6780cf000-7ff6780e8000 r--s 00124000 08:03 396912                     /home/aoi/Code/LaundryAPI/target/webapp/WEB-INF/lib/scalatra_2.11-2.4.0.RC3.jar
7ff6780e8000-7ff678df5000 rw-p 00000000 00:00 0 
7ff678df5000-7ff678fc2000 r--s 03be8000 08:03 1049518                    /usr/lib/jvm/java-8-openjdk/jre/lib/rt.jar
7ff678fc2000-7ff6797c2000 rw-p 00000000 00:00 0 
7ff6797c2000-7ff67c000000 rw-p 00000000 00:00 0 
7ff67c000000-7ff67c021000 rw-p 00000000 00:00 0 
7ff67c021000-7ff680000000 ---p 00000000 00:00 0 
7ff680000000-7ff680021000 rw-p 00000000 00:00 0 
7ff680021000-7ff684000000 ---p 00000000 00:00 0 
7ff684000000-7ff684021000 rw-p 00000000 00:00 0 
7ff684021000-7ff688000000 ---p 00000000 00:00 0 
7ff688000000-7ff688004000 r--s 00034000 08:03 396917                     /home/aoi/Code/LaundryAPI/target/webapp/WEB-INF/lib/rl_2.11-0.4.10.jar
7ff688004000-7ff688046000 r--s 004bc000 08:03 439018                     /home/aoi/.ivy2/cache/org.eclipse.jetty/jetty-runner/jars/jetty-runner-9.2.1.v20140609.jar
7ff688046000-7ff688241000 rw-p 00000000 00:00 0 
7ff688241000-7ff688242000 ---p 00000000 00:00 0 
7ff688242000-7ff688342000 rw-p 00000000 00:00 0                          [stack:17019]
7ff688342000-7ff688343000 ---p 00000000 00:00 0 
7ff688343000-7ff688443000 rw-p 00000000 00:00 0                          [stack:17017]
7ff688443000-7ff688444000 ---p 00000000 00:00 0 
7ff688444000-7ff688544000 rw-p 00000000 00:00 0                          [stack:17016]
7ff688544000-7ff688545000 ---p 00000000 00:00 0 
7ff688545000-7ff688678000 rw-p 00000000 00:00 0                          [stack:17015]
7ff688678000-7ff6887d9000 ---p 00000000 00:00 0 
7ff6887d9000-7ff68880c000 rw-p 00000000 00:00 0 
7ff68880c000-7ff68896d000 ---p 00000000 00:00 0 
7ff68896d000-7ff688a37000 rw-p 00000000 00:00 0 
7ff688a37000-7ff688a56000 rw-p 00000000 00:00 0 
7ff688a56000-7ff688df8000 ---p 00000000 00:00 0 
7ff688df8000-7ff689558000 rwxp 00000000 00:00 0 
7ff689558000-7ff697df8000 ---p 00000000 00:00 0 
7ff697df8000-7ff697e00000 r-xp 00000000 08:03 1049852                    /usr/lib/jvm/java-8-openjdk/jre/lib/amd64/libzip.so
7ff697e00000-7ff697fff000 ---p 00008000 08:03 1049852                    /usr/lib/jvm/java-8-openjdk/jre/lib/amd64/libzip.so
7ff697fff000-7ff698000000 rw-p 00007000 08:03 1049852                    /usr/lib/jvm/java-8-openjdk/jre/lib/amd64/libzip.so
7ff698000000-7ff6986de000 rw-p 00000000 00:00 0 
7ff6986de000-7ff69c000000 ---p 00000000 00:00 0 
7ff69c000000-7ff69c001000 r--s 00007000 08:03 396915                     /home/aoi/Code/LaundryAPI/target/webapp/WEB-INF/lib/slf4j-api-1.7.12.jar
7ff69c001000-7ff69c011000 r--s 00088000 08:03 396920                     /home/aoi/Code/LaundryAPI/target/webapp/WEB-INF/lib/joda-time-2.8.2.jar
7ff69c011000-7ff69c05e000 rw-p 00000000 00:00 0 
7ff69c05e000-7ff69c069000 r-xp 00000000 08:03 530896                     /usr/lib/libnss_files-2.22.so
7ff69c069000-7ff69c268000 ---p 0000b000 08:03 530896                     /usr/lib/libnss_files-2.22.so
7ff69c268000-7ff69c269000 r--p 0000a000 08:03 530896                     /usr/lib/libnss_files-2.22.so
7ff69c269000-7ff69c26a000 rw-p 0000b000 08:03 530896                     /usr/lib/libnss_files-2.22.so
7ff69c26a000-7ff69c270000 rw-p 00000000 00:00 0 
7ff69c270000-7ff69c29c000 r-xp 00000000 08:03 1049850                    /usr/lib/jvm/java-8-openjdk/jre/lib/amd64/libjava.so
7ff69c29c000-7ff69c49c000 ---p 0002c000 08:03 1049850                    /usr/lib/jvm/java-8-openjdk/jre/lib/amd64/libjava.so
7ff69c49c000-7ff69c49e000 rw-p 0002c000 08:03 1049850                    /usr/lib/jvm/java-8-openjdk/jre/lib/amd64/libjava.so
7ff69c49e000-7ff69c4ab000 r-xp 00000000 08:03 1049841                    /usr/lib/jvm/java-8-openjdk/jre/lib/amd64/libverify.so
7ff69c4ab000-7ff69c6aa000 ---p 0000d000 08:03 1049841                    /usr/lib/jvm/java-8-openjdk/jre/lib/amd64/libverify.so
7ff69c6aa000-7ff69c6ac000 rw-p 0000c000 08:03 1049841                    /usr/lib/jvm/java-8-openjdk/jre/lib/amd64/libverify.so
7ff69c6ac000-7ff69c6b3000 r-xp 00000000 08:03 531022                     /usr/lib/librt-2.22.so
7ff69c6b3000-7ff69c8b2000 ---p 00007000 08:03 531022                     /usr/lib/librt-2.22.so
7ff69c8b2000-7ff69c8b3000 r--p 00006000 08:03 531022                     /usr/lib/librt-2.22.so
7ff69c8b3000-7ff69c8b4000 rw-p 00007000 08:03 531022                     /usr/lib/librt-2.22.so
7ff69c8b4000-7ff69c9b1000 r-xp 00000000 08:03 531019                     /usr/lib/libm-2.22.so
7ff69c9b1000-7ff69cbb0000 ---p 000fd000 08:03 531019                     /usr/lib/libm-2.22.so
7ff69cbb0000-7ff69cbb1000 r--p 000fc000 08:03 531019                     /usr/lib/libm-2.22.so
7ff69cbb1000-7ff69cbb2000 rw-p 000fd000 08:03 531019                     /usr/lib/libm-2.22.so
7ff69cbb2000-7ff69d805000 r-xp 00000000 08:03 1049880                    /usr/lib/jvm/java-8-openjdk/jre/lib/amd64/server/libjvm.so
7ff69d805000-7ff69da04000 ---p 00c53000 08:03 1049880                    /usr/lib/jvm/java-8-openjdk/jre/lib/amd64/server/libjvm.so
7ff69da04000-7ff69dac0000 rw-p 00c52000 08:03 1049880                    /usr/lib/jvm/java-8-openjdk/jre/lib/amd64/server/libjvm.so
7ff69dac0000-7ff69daee000 rw-p 00000000 00:00 0 
7ff69daee000-7ff69dc89000 r-xp 00000000 08:03 529047                     /usr/lib/libc-2.22.so
7ff69dc89000-7ff69de88000 ---p 0019b000 08:03 529047                     /usr/lib/libc-2.22.so
7ff69de88000-7ff69de8c000 r--p 0019a000 08:03 529047                     /usr/lib/libc-2.22.so
7ff69de8c000-7ff69de8e000 rw-p 0019e000 08:03 529047                     /usr/lib/libc-2.22.so
7ff69de8e000-7ff69de92000 rw-p 00000000 00:00 0 
7ff69de92000-7ff69de95000 r-xp 00000000 08:03 531018                     /usr/lib/libdl-2.22.so
7ff69de95000-7ff69e094000 ---p 00003000 08:03 531018                     /usr/lib/libdl-2.22.so
7ff69e094000-7ff69e095000 r--p 00002000 08:03 531018                     /usr/lib/libdl-2.22.so
7ff69e095000-7ff69e096000 rw-p 00003000 08:03 531018                     /usr/lib/libdl-2.22.so
7ff69e096000-7ff69e0a3000 r-xp 00000000 08:03 1049877                    /usr/lib/jvm/java-8-openjdk/jre/lib/amd64/jli/libjli.so
7ff69e0a3000-7ff69e2a2000 ---p 0000d000 08:03 1049877                    /usr/lib/jvm/java-8-openjdk/jre/lib/amd64/jli/libjli.so
7ff69e2a2000-7ff69e2a3000 rw-p 0000c000 08:03 1049877                    /usr/lib/jvm/java-8-openjdk/jre/lib/amd64/jli/libjli.so
7ff69e2a3000-7ff69e2b8000 r-xp 00000000 08:03 529617                     /usr/lib/libz.so.1.2.8
7ff69e2b8000-7ff69e4b7000 ---p 00015000 08:03 529617                     /usr/lib/libz.so.1.2.8
7ff69e4b7000-7ff69e4b8000 r--p 00014000 08:03 529617                     /usr/lib/libz.so.1.2.8
7ff69e4b8000-7ff69e4b9000 rw-p 00015000 08:03 529617                     /usr/lib/libz.so.1.2.8
7ff69e4b9000-7ff69e4d1000 r-xp 00000000 08:03 529028                     /usr/lib/libpthread-2.22.so
7ff69e4d1000-7ff69e6d0000 ---p 00018000 08:03 529028                     /usr/lib/libpthread-2.22.so
7ff69e6d0000-7ff69e6d1000 r--p 00017000 08:03 529028                     /usr/lib/libpthread-2.22.so
7ff69e6d1000-7ff69e6d2000 rw-p 00018000 08:03 529028                     /usr/lib/libpthread-2.22.so
7ff69e6d2000-7ff69e6d6000 rw-p 00000000 00:00 0 
7ff69e6d6000-7ff69e6f8000 r-xp 00000000 08:03 529046                     /usr/lib/ld-2.22.so
7ff69e6f8000-7ff69e6fb000 r--s 00033000 08:03 396918                     /home/aoi/Code/LaundryAPI/target/webapp/WEB-INF/lib/juniversalchardet-1.0.3.jar
7ff69e6fb000-7ff69e6fd000 r--s 00009000 08:03 396911                     /home/aoi/Code/LaundryAPI/target/webapp/WEB-INF/lib/laundryapi_2.11-0.1.0-SNAPSHOT.jar
7ff69e6fd000-7ff69e708000 r--s 0008c000 08:03 396933                     /home/aoi/Code/LaundryAPI/target/webapp/WEB-INF/lib/json4s-core_2.11-3.3.0.jar
7ff69e708000-7ff69e70d000 r--s 00096000 08:03 1049479                    /usr/lib/jvm/java-8-openjdk/jre/lib/jsse.jar
7ff69e70d000-7ff69e710000 r--s 00018000 08:03 439026                     /home/aoi/.ivy2/cache/org.eclipse.jetty/jetty-io/jars/jetty-io-9.2.10.v20150310.jar
7ff69e710000-7ff69e712000 r--s 00018000 08:03 439025                     /home/aoi/.ivy2/cache/org.eclipse.jetty/jetty-http/jars/jetty-http-9.2.10.v20150310.jar
7ff69e712000-7ff69e715000 r--s 00015000 08:03 438986                     /home/aoi/.ivy2/cache/javax.servlet/javax.servlet-api/jars/javax.servlet-api-3.1.0.jar
7ff69e715000-7ff69e7b9000 rw-p 00000000 00:00 0 
7ff69e7b9000-7ff69e7bc000 ---p 00000000 00:00 0 
7ff69e7bc000-7ff69e8be000 rw-p 00000000 00:00 0                          [stack:17014]
7ff69e8be000-7ff69e8bf000 r--s 00005000 08:03 396914                     /home/aoi/Code/LaundryAPI/target/webapp/WEB-INF/lib/scalatra-common_2.11-2.4.0.RC3.jar
7ff69e8bf000-7ff69e8c5000 r--s 00061000 08:03 439024                     /home/aoi/.ivy2/cache/org.eclipse.jetty/jetty-server/jars/jetty-server-9.2.10.v20150310.jar
7ff69e8c5000-7ff69e8c8000 r--s 00015000 08:03 439023                     /home/aoi/.ivy2/cache/org.eclipse.jetty/jetty-security/jars/jetty-security-9.2.10.v20150310.jar
7ff69e8c8000-7ff69e8cb000 r--s 0001a000 08:03 439021                     /home/aoi/.ivy2/cache/org.eclipse.jetty/jetty-servlet/jars/jetty-servlet-9.2.10.v20150310.jar
7ff69e8cb000-7ff69e8d1000 r--s 00051000 08:03 439022                     /home/aoi/.ivy2/cache/org.eclipse.jetty/jetty-util/jars/jetty-util-9.2.10.v20150310.jar
7ff69e8d1000-7ff69e8d2000 r--s 0000a000 08:03 439020                     /home/aoi/.ivy2/cache/org.eclipse.jetty/jetty-xml/jars/jetty-xml-9.2.10.v20150310.jar
7ff69e8d2000-7ff69e8d4000 r--s 00019000 08:03 439019                     /home/aoi/.ivy2/cache/org.eclipse.jetty/jetty-webapp/jars/jetty-webapp-9.2.10.v20150310.jar
7ff69e8d4000-7ff69e8ec000 rw-p 00000000 00:00 0 
7ff69e8ec000-7ff69e8f4000 rw-s 00000000 00:20 48                         /tmp/hsperfdata_aoi/17010
7ff69e8f4000-7ff69e8f5000 rw-p 00000000 00:00 0 
7ff69e8f5000-7ff69e8f6000 ---p 00000000 00:00 0 
7ff69e8f6000-7ff69e8f7000 rw-p 00000000 00:00 0 
7ff69e8f7000-7ff69e8f8000 r--p 00021000 08:03 529046                     /usr/lib/ld-2.22.so
7ff69e8f8000-7ff69e8f9000 rw-p 00022000 08:03 529046                     /usr/lib/ld-2.22.so
7ff69e8f9000-7ff69e8fa000 rw-p 00000000 00:00 0 
7ffe79692000-7ffe796b3000 rw-p 00000000 00:00 0                          [stack]
7ffe797c0000-7ffe797c2000 r--p 00000000 00:00 0                          [vvar]
7ffe797c2000-7ffe797c4000 r-xp 00000000 00:00 0                          [vdso]
ffffffffff600000-ffffffffff601000 r-xp 00000000 00:00 0                  [vsyscall]

VM Arguments:
java_command: org.eclipse.jetty.runner.Runner /home/aoi/Code/LaundryAPI/target/webapp
java_class_path (initial): /home/aoi/.ivy2/cache/org.eclipse.jetty/jetty-runner/jars/jetty-runner-9.2.1.v20140609.jar:/home/aoi/.ivy2/cache/org.eclipse.jetty/jetty-webapp/jars/jetty-webapp-9.2.10.v20150310.jar:/home/aoi/.ivy2/cache/org.eclipse.jetty/jetty-xml/jars/jetty-xml-9.2.10.v20150310.jar:/home/aoi/.ivy2/cache/org.eclipse.jetty/jetty-util/jars/jetty-util-9.2.10.v20150310.jar:/home/aoi/.ivy2/cache/org.eclipse.jetty/jetty-servlet/jars/jetty-servlet-9.2.10.v20150310.jar:/home/aoi/.ivy2/cache/org.eclipse.jetty/jetty-security/jars/jetty-security-9.2.10.v20150310.jar:/home/aoi/.ivy2/cache/org.eclipse.jetty/jetty-server/jars/jetty-server-9.2.10.v20150310.jar:/home/aoi/.ivy2/cache/javax.servlet/javax.servlet-api/jars/javax.servlet-api-3.1.0.jar:/home/aoi/.ivy2/cache/org.eclipse.jetty/jetty-http/jars/jetty-http-9.2.10.v20150310.jar:/home/aoi/.ivy2/cache/org.eclipse.jetty/jetty-io/jars/jetty-io-9.2.10.v20150310.jar
Launcher Type: SUN_STANDARD

Environment Variables:
PATH=/usr/local/sbin:/usr/local/bin:/usr/bin:/opt/android-sdk/platform-tools:/usr/lib/jvm/default/bin:/usr/bin/site_perl:/usr/bin/vendor_perl:/usr/bin/core_perl
SHELL=/bin/bash
DISPLAY=:0.0

Signal Handlers:
SIGSEGV: [libjvm.so+0xa581a0], sa_mask[0]=11111111011111111101111111111110, sa_flags=SA_RESTART|SA_SIGINFO
SIGBUS: [libjvm.so+0xa581a0], sa_mask[0]=11111111011111111101111111111110, sa_flags=SA_RESTART|SA_SIGINFO
SIGFPE: [libjvm.so+0x8a4420], sa_mask[0]=11111111011111111101111111111110, sa_flags=SA_RESTART|SA_SIGINFO
SIGPIPE: [libjvm.so+0x8a4420], sa_mask[0]=11111111011111111101111111111110, sa_flags=SA_RESTART|SA_SIGINFO
SIGXFSZ: [libjvm.so+0x8a4420], sa_mask[0]=11111111011111111101111111111110, sa_flags=SA_RESTART|SA_SIGINFO
SIGILL: [libjvm.so+0x8a4420], sa_mask[0]=11111111011111111101111111111110, sa_flags=SA_RESTART|SA_SIGINFO
SIGUSR1: SIG_DFL, sa_mask[0]=00000000000000000000000000000000, sa_flags=none
SIGUSR2: [libjvm.so+0x8a42d0], sa_mask[0]=00100000000000000000000000000000, sa_flags=SA_RESTART|SA_SIGINFO
SIGHUP: [libjvm.so+0x8a47a0], sa_mask[0]=11111111011111111101111111111110, sa_flags=SA_RESTART|SA_SIGINFO
SIGINT: [libjvm.so+0x8a47a0], sa_mask[0]=11111111011111111101111111111110, sa_flags=SA_RESTART|SA_SIGINFO
SIGTERM: [libjvm.so+0x8a47a0], sa_mask[0]=11111111011111111101111111111110, sa_flags=SA_RESTART|SA_SIGINFO
SIGQUIT: [libjvm.so+0x8a47a0], sa_mask[0]=11111111011111111101111111111110, sa_flags=SA_RESTART|SA_SIGINFO


---------------  S Y S T E M  ---------------

OS:DISTRIB_ID=ManjaroLinux
DISTRIB_RELEASE=15.09
DISTRIB_CODENAME=Bellatrix
DISTRIB_DESCRIPTION="Manjaro Linux"

uname:Linux 3.18.22-1-MANJARO #1 SMP PREEMPT Sat Oct 3 13:40:42 UTC 2015 x86_64
libc:glibc 2.22 NPTL 2.22 
rlimit: STACK 8192k, CORE 0k, NPROC 19362, NOFILE 4096, AS infinity
load average:2.86 1.59 1.24

/proc/meminfo:
MemTotal:        4964160 kB
MemFree:          135024 kB
MemAvailable:      78148 kB
Buffers:            1456 kB
Cached:           153296 kB
SwapCached:            0 kB
Active:          4529868 kB
Inactive:         130464 kB
Active(anon):    4525728 kB
Inactive(anon):   113152 kB
Active(file):       4140 kB
Inactive(file):    17312 kB
Unevictable:          32 kB
Mlocked:              32 kB
SwapTotal:             0 kB
SwapFree:              0 kB
Dirty:                 4 kB
Writeback:             0 kB
AnonPages:       4506212 kB
Mapped:            66332 kB
Shmem:            132708 kB
Slab:              57736 kB
SReclaimable:      33732 kB
SUnreclaim:        24004 kB
KernelStack:        5904 kB
PageTables:        25588 kB
NFS_Unstable:          0 kB
Bounce:                0 kB
WritebackTmp:          0 kB
CommitLimit:     2482080 kB
Committed_AS:    7303648 kB
VmallocTotal:   34359738367 kB
VmallocUsed:      374948 kB
VmallocChunk:   34359356380 kB
HardwareCorrupted:     0 kB
AnonHugePages:   1042432 kB
HugePages_Total:       0
HugePages_Free:        0
HugePages_Rsvd:        0
HugePages_Surp:        0
Hugepagesize:       2048 kB
DirectMap4k:       83584 kB
DirectMap2M:     5040128 kB


CPU:total 4 (2 cores per cpu, 2 threads per core) family 6 model 42 stepping 7, cmov, cx8, fxsr, mmx, sse, sse2, sse3, ssse3, sse4.1, sse4.2, popcnt, avx, aes, clmul, ht, tsc, tscinvbit

/proc/cpuinfo:
processor	: 0
vendor_id	: GenuineIntel
cpu family	: 6
model		: 42
model name	: Intel(R) Core(TM) i5-2520M CPU @ 2.50GHz
stepping	: 7
microcode	: 0x29
cpu MHz		: 1229.101
cache size	: 3072 KB
physical id	: 0
siblings	: 4
core id		: 0
cpu cores	: 2
apicid		: 0
initial apicid	: 0
fpu		: yes
fpu_exception	: yes
cpuid level	: 13
wp		: yes
flags		: fpu vme de pse tsc msr pae mce cx8 apic sep mtrr pge mca cmov pat pse36 clflush dts acpi mmx fxsr sse sse2 ss ht tm pbe syscall nx rdtscp lm constant_tsc arch_perfmon pebs bts nopl xtopology nonstop_tsc aperfmperf eagerfpu pni pclmulqdq dtes64 monitor ds_cpl vmx smx est tm2 ssse3 cx16 xtpr pdcm pcid sse4_1 sse4_2 x2apic popcnt tsc_deadline_timer aes xsave avx lahf_lm ida arat epb pln pts dtherm tpr_shadow vnmi flexpriority ept vpid xsaveopt
bugs		:
bogomips	: 4985.51
clflush size	: 64
cache_alignment	: 64
address sizes	: 36 bits physical, 48 bits virtual
power management:

processor	: 1
vendor_id	: GenuineIntel
cpu family	: 6
model		: 42
model name	: Intel(R) Core(TM) i5-2520M CPU @ 2.50GHz
stepping	: 7
microcode	: 0x29
cpu MHz		: 1116.015
cache size	: 3072 KB
physical id	: 0
siblings	: 4
core id		: 0
cpu cores	: 2
apicid		: 1
initial apicid	: 1
fpu		: yes
fpu_exception	: yes
cpuid level	: 13
wp		: yes
flags		: fpu vme de pse tsc msr pae mce cx8 apic sep mtrr pge mca cmov pat pse36 clflush dts acpi mmx fxsr sse sse2 ss ht tm pbe syscall nx rdtscp lm constant_tsc arch_perfmon pebs bts nopl xtopology nonstop_tsc aperfmperf eagerfpu pni pclmulqdq dtes64 monitor ds_cpl vmx smx est tm2 ssse3 cx16 xtpr pdcm pcid sse4_1 sse4_2 x2apic popcnt tsc_deadline_timer aes xsave avx lahf_lm ida arat epb pln pts dtherm tpr_shadow vnmi flexpriority ept vpid xsaveopt
bugs		:
bogomips	: 4985.51
clflush size	: 64
cache_alignment	: 64
address sizes	: 36 bits physical, 48 bits virtual
power management:

processor	: 2
vendor_id	: GenuineIntel
cpu family	: 6
model		: 42
model name	: Intel(R) Core(TM) i5-2520M CPU @ 2.50GHz
stepping	: 7
microcode	: 0x29
cpu MHz		: 1186.621
cache size	: 3072 KB
physical id	: 0
siblings	: 4
core id		: 1
cpu cores	: 2
apicid		: 2
initial apicid	: 2
fpu		: yes
fpu_exception	: yes
cpuid level	: 13
wp		: yes
flags		: fpu vme de pse tsc msr pae mce cx8 apic sep mtrr pge mca cmov pat pse36 clflush dts acpi mmx fxsr sse sse2 ss ht tm pbe syscall nx rdtscp lm constant_tsc arch_perfmon pebs bts nopl xtopology nonstop_tsc aperfmperf eagerfpu pni pclmulqdq dtes64 monitor ds_cpl vmx smx est tm2 ssse3 cx16 xtpr pdcm pcid sse4_1 sse4_2 x2apic popcnt tsc_deadline_timer aes xsave avx lahf_lm ida arat epb pln pts dtherm tpr_shadow vnmi flexpriority ept vpid xsaveopt
bugs		:
bogomips	: 4985.51
clflush size	: 64
cache_alignment	: 64
address sizes	: 36 bits physical, 48 bits virtual
power management:

processor	: 3
vendor_id	: GenuineIntel
cpu family	: 6
model		: 42
model name	: Intel(R) Core(TM) i5-2520M CPU @ 2.50GHz
stepping	: 7
microcode	: 0x29
cpu MHz		: 1142.480
cache size	: 3072 KB
physical id	: 0
siblings	: 4
core id		: 1
cpu cores	: 2
apicid		: 3
initial apicid	: 3
fpu		: yes
fpu_exception	: yes
cpuid level	: 13
wp		: yes
flags		: fpu vme de pse tsc msr pae mce cx8 apic sep mtrr pge mca cmov pat pse36 clflush dts acpi mmx fxsr sse sse2 ss ht tm pbe syscall nx rdtscp lm constant_tsc arch_perfmon pebs bts nopl xtopology nonstop_tsc aperfmperf eagerfpu pni pclmulqdq dtes64 monitor ds_cpl vmx smx est tm2 ssse3 cx16 xtpr pdcm pcid sse4_1 sse4_2 x2apic popcnt tsc_deadline_timer aes xsave avx lahf_lm ida arat epb pln pts dtherm tpr_shadow vnmi flexpriority ept vpid xsaveopt
bugs		:
bogomips	: 4985.51
clflush size	: 64
cache_alignment	: 64
address sizes	: 36 bits physical, 48 bits virtual
power management:



Memory: 4k page, physical 4964160k(134776k free), swap 0k(0k free)

vm_info: OpenJDK 64-Bit Server VM (25.65-b01) for linux-amd64 JRE (1.8.0_65-b17), built on Oct 21 2015 14:15:11 by "builduser" with gcc 5.2.0

time: Thu Nov  5 11:59:39 2015
elapsed time: 18 seconds (0d 0h 0m 18s)

